#
# There is insufficient memory for the Java Runtime Environment to continue.
# Native memory allocation (malloc) failed to allocate 1318416 bytes for Chunk::new
# Possible reasons:
#   The system is out of physical RAM or swap space
#   The process is running with CompressedOops enabled, and the Java Heap may be blocking the growth of the native heap
# Possible solutions:
#   Reduce memory load on the system
#   Increase physical memory or swap space
#   Check if swap backing store is full
#   Decrease Java heap size (-Xmx/-Xms)
#   Decrease number of Java threads
#   Decrease Java thread stack sizes (-Xss)
#   Set larger code cache with -XX:ReservedCodeCacheSize=
#   JVM is running with Unscaled Compressed Oops mode in which the Java heap is
#     placed in the first 4GB address space. The Java Heap base address is the
#     maximum limit for the native heap growth. Please use -XX:HeapBaseMinAddress
#     to set the Java Heap base and to place the Java Heap above 4GB virtual address.
# This output file may be truncated or incomplete.
#
#  Out of Memory Error (allocation.cpp:389), pid=1568, tid=0x0000000000001448
#
# JRE version: OpenJDK Runtime Environment (8.0_242-b01) (build 1.8.0_242-release-1644-b01)
# Java VM: OpenJDK 64-Bit Server VM (25.242-b01 mixed mode windows-amd64 compressed oops)
# Failed to write core dump. Minidumps are not enabled by default on client versions of Windows
#

---------------  T H R E A D  ---------------

Current thread (0x0000000015eda000):  JavaThread "C2 CompilerThread1" daemon [_thread_in_native, id=5192, stack(0x0000000017630000,0x0000000017730000)]

Stack: [0x0000000017630000,0x0000000017730000]
[error occurred during error reporting (printing stack bounds), id 0xc0000005]

Native frames: (J=compiled Java code, j=interpreted, Vv=VM code, C=native code)


Current CompileTask:
C2:9776186 20909       4       com.sun.org.apache.xerces.internal.impl.XMLNSDocumentScannerImpl::scanStartElement (1026 bytes)


---------------  P R O C E S S  ---------------

Java Threads: ( => current thread )
  0x000000001887e000 JavaThread "Cache worker for Build Output Cleanup Cache (C:\Users\Yassine\Desktop\pets_android\.gradle\buildOutputCleanup)" [_thread_blocked, id=8564, stack(0x00000000368c0000,0x00000000369c0000)]
  0x000000001887b000 JavaThread "Cache worker for task history cache (C:\Users\Yassine\Desktop\pets_android\.gradle\4.10.1\taskHistory)" [_thread_blocked, id=13040, stack(0x00000000367c0000,0x00000000368c0000)]
  0x000000001887f800 JavaThread "Task worker for ':' Thread 3" [_thread_blocked, id=10904, stack(0x00000000366c0000,0x00000000367c0000)]
  0x000000001887d800 JavaThread "Task worker for ':' Thread 2" [_thread_blocked, id=3264, stack(0x00000000365c0000,0x00000000366c0000)]
  0x0000000018881000 JavaThread "Task worker for ':'" [_thread_blocked, id=1500, stack(0x00000000364c0000,0x00000000365c0000)]
  0x000000001887c800 JavaThread "Cache worker for file content cache (C:\Users\Yassine\Desktop\pets_android\.gradle\4.10.1\fileContent)" [_thread_blocked, id=5316, stack(0x00000000363c0000,0x00000000364c0000)]
  0x000000001887a800 JavaThread "Build operations Thread 4" [_thread_blocked, id=3720, stack(0x00000000362c0000,0x00000000363c0000)]
  0x0000000018873000 JavaThread "Build operations Thread 3" [_thread_blocked, id=10956, stack(0x00000000361c0000,0x00000000362c0000)]
  0x0000000018878000 JavaThread "Build operations Thread 2" [_thread_blocked, id=12220, stack(0x00000000360c0000,0x00000000361c0000)]
  0x0000000018879800 JavaThread "Build operations" [_thread_blocked, id=8696, stack(0x0000000035fc0000,0x00000000360c0000)]
  0x0000000018876800 JavaThread "Cache worker for cache directory md-rule (C:\Users\Yassine\.gradle\caches\4.10.1\md-rule)" [_thread_blocked, id=7276, stack(0x0000000035ec0000,0x0000000035fc0000)]
  0x0000000018879000 JavaThread "Cache worker for cache directory md-supplier (C:\Users\Yassine\.gradle\caches\4.10.1\md-supplier)" [_thread_blocked, id=11104, stack(0x0000000035dc0000,0x0000000035ec0000)]
  0x0000000018876000 JavaThread "Cache worker for file hash cache (C:\Users\Yassine\Desktop\pets_android\.gradle\4.10.1\fileHashes)" [_thread_blocked, id=7532, stack(0x0000000035cc0000,0x0000000035dc0000)]
  0x000000001d43d800 JavaThread "Stdin handler" [_thread_blocked, id=11928, stack(0x0000000035bc0000,0x0000000035cc0000)]
  0x000000001d442000 JavaThread "Asynchronous log dispatcher for DefaultDaemonConnection: socket connection from /127.0.0.1:52722 to /127.0.0.1:55973" [_thread_blocked, id=5568, stack(0x0000000035ac0000,0x0000000035bc0000)]
  0x000000001d441800 JavaThread "Daemon worker Thread 11" [_thread_in_Java, id=12356, stack(0x00000000359c0000,0x0000000035ac0000)]
  0x000000001d43c000 JavaThread "Cancel handler" [_thread_blocked, id=4936, stack(0x00000000358c0000,0x00000000359c0000)]
  0x000000001d43e800 JavaThread "Handler for socket connection from /127.0.0.1:52722 to /127.0.0.1:55973" [_thread_in_native, id=8596, stack(0x00000000357c0000,0x00000000358c0000)]
  0x000000001d43f000 JavaThread "Daemon Thread 11" [_thread_blocked, id=9896, stack(0x00000000356c0000,0x00000000357c0000)]
  0x0000000018392800 JavaThread "Cache worker for file content cache (C:\Users\Yassine\.gradle\caches\4.10.1\fileContent)" [_thread_blocked, id=1692, stack(0x00000000219f0000,0x0000000021af0000)]
  0x000000001838b000 JavaThread "Memory manager" [_thread_blocked, id=12996, stack(0x00000000218f0000,0x00000000219f0000)]
  0x000000001aa19000 JavaThread "Cache worker for Artifact transforms cache (C:\Users\Yassine\.gradle\caches\transforms-1)" [_thread_blocked, id=2776, stack(0x000000001fbf0000,0x000000001fcf0000)]
  0x000000001aa17000 JavaThread "Cache worker for journal cache (C:\Users\Yassine\.gradle\caches\journal-1)" [_thread_blocked, id=7220, stack(0x000000001ced0000,0x000000001cfd0000)]
  0x000000001aab2800 JavaThread "File lock request listener" [_thread_in_native, id=6300, stack(0x000000001b950000,0x000000001ba50000)]
  0x0000000018695800 JavaThread "Cache worker for file hash cache (C:\Users\Yassine\.gradle\caches\4.10.1\fileHashes)" [_thread_blocked, id=10852, stack(0x000000001b850000,0x000000001b950000)]
  0x0000000019141800 JavaThread "Daemon periodic checks" [_thread_blocked, id=11952, stack(0x0000000019d80000,0x0000000019e80000)]
  0x0000000019116800 JavaThread "Incoming local TCP Connector on port 52722" [_thread_in_native, id=11856, stack(0x0000000019b40000,0x0000000019c40000)]
  0x0000000017868800 JavaThread "Service Thread" daemon [_thread_blocked, id=4288, stack(0x0000000017c30000,0x0000000017d30000)]
  0x0000000015eea800 JavaThread "C1 CompilerThread2" daemon [_thread_in_vm, id=7060, stack(0x0000000017730000,0x0000000017830000)]
=>0x0000000015eda000 JavaThread "C2 CompilerThread1" daemon [_thread_in_native, id=5192, stack(0x0000000017630000,0x0000000017730000)]
  0x0000000015ed4000 JavaThread "C2 CompilerThread0" daemon [_thread_in_native, id=4032, stack(0x0000000017530000,0x0000000017630000)]
  0x0000000015ed2800 JavaThread "Attach Listener" daemon [_thread_blocked, id=836, stack(0x0000000017430000,0x0000000017530000)]
  0x0000000015ed1000 JavaThread "Signal Dispatcher" daemon [_thread_blocked, id=8876, stack(0x0000000017330000,0x0000000017430000)]
  0x000000000255b000 JavaThread "Finalizer" daemon [_thread_blocked, id=1636, stack(0x0000000017130000,0x0000000017230000)]
  0x0000000015eb9000 JavaThread "Reference Handler" daemon [_thread_blocked, id=3460, stack(0x0000000017030000,0x0000000017130000)]
  0x000000000245e800 JavaThread "main" [_thread_blocked, id=6044, stack(0x00000000022e0000,0x00000000023e0000)]

Other Threads:
  0x0000000015e97000 VMThread [stack: 0x0000000016f30000,0x0000000017030000] [id=1572]
  0x0000000015f05800 WatcherThread [stack: 0x0000000017d30000,0x0000000017e30000] [id=11940]

VM state:not at safepoint (normal execution)

VM Mutex/Monitor currently owned by a thread: None

heap address: 0x00000000a0000000, size: 1536 MB, Compressed Oops mode: 32-bit
Narrow klass base: 0x0000000000000000, Narrow klass shift: 3
Compressed class space size: 1073741824 Address: 0x0000000100000000

Heap:
 PSYoungGen      total 333824K, used 122816K [0x00000000e0000000, 0x00000000f9480000, 0x0000000100000000)
  eden space 268288K, 37% used [0x00000000e0000000,0x00000000e60f0bf8,0x00000000f0600000)
  from space 65536K, 35% used [0x00000000f0600000,0x00000000f1cff4e0,0x00000000f4600000)
  to   space 62976K, 0% used [0x00000000f5700000,0x00000000f5700000,0x00000000f9480000)
 ParOldGen       total 168448K, used 104042K [0x00000000a0000000, 0x00000000aa480000, 0x00000000e0000000)
  object space 168448K, 61% used [0x00000000a0000000,0x00000000a659a8e0,0x00000000aa480000)
 Metaspace       used 87563K, capacity 91782K, committed 92160K, reserved 1130496K
  class space    used 11006K, capacity 11906K, committed 12032K, reserved 1048576K

Card table byte_map: [0x0000000011920000,0x0000000011c30000] byte_map_base: 0x0000000011420000

Marking Bits: (ParMarkBitMap*) 0x00000000681df030
 Begin Bits: [0x0000000012230000, 0x0000000013a30000)
 End Bits:   [0x0000000013a30000, 0x0000000015230000)

Polling page: 0x0000000000a70000

CodeCache: size=245760Kb used=57243Kb max_used=57243Kb free=188516Kb
 bounds [0x0000000002560000, 0x0000000005da0000, 0x0000000011560000]
 total_blobs=16940 nmethods=16086 adapters=766
 compilation: enabled

Compilation events (10 events):
Event: 9776.170 Thread 0x0000000015eea800 21000       1       com.android.ide.common.resources.configuration.DensityQualifier::getEnumValue (5 bytes)
Event: 9776.170 Thread 0x0000000015eea800 nmethod 21000 0x0000000005d84f10 code [0x0000000005d85060, 0x0000000005d85170]
Event: 9776.170 Thread 0x0000000015eea800 21003       3       java.util.Formatter$FormatSpecifier::printInteger (130 bytes)
Event: 9776.173 Thread 0x0000000015eea800 nmethod 21003 0x0000000005d8ba10 code [0x0000000005d8bc80, 0x0000000005d8ce88]
Event: 9776.173 Thread 0x0000000015eea800 21004       3       com.google.common.base.Splitter$SplittingIterator::<init> (39 bytes)
Event: 9776.173 Thread 0x0000000015eea800 nmethod 21004 0x0000000005d86190 code [0x0000000005d86300, 0x0000000005d865b0]
Event: 9776.173 Thread 0x0000000015eea800 21005       3       com.android.ide.common.resources.FileResourceNameValidator::validate (30 bytes)
Event: 9776.174 Thread 0x0000000015eea800 nmethod 21005 0x0000000005d97250 code [0x0000000005d97400, 0x0000000005d97848]
Event: 9776.174 Thread 0x0000000015eea800 21006       3       com.android.ide.common.resources.configuration.FolderConfiguration::getConfigFromQualifiers (10 bytes)
Event: 9776.175 Thread 0x0000000015eea800 nmethod 21006 0x0000000005d85d10 code [0x0000000005d85e80, 0x0000000005d860b8]

GC Heap History (10 events):
Event: 5003.951 GC heap before
{Heap before GC invocations=37 (full 4):
 PSYoungGen      total 278528K, used 272302K [0x00000000e0000000, 0x00000000f4780000, 0x0000000100000000)
  eden space 233472K, 100% used [0x00000000e0000000,0x00000000ee400000,0x00000000ee400000)
  from space 45056K, 86% used [0x00000000f1480000,0x00000000f3a6ba38,0x00000000f4080000)
  to   space 49664K, 0% used [0x00000000ee400000,0x00000000ee400000,0x00000000f1480000)
 ParOldGen       total 168448K, used 88706K [0x00000000a0000000, 0x00000000aa480000, 0x00000000e0000000)
  object space 168448K, 52% used [0x00000000a0000000,0x00000000a56a0928,0x00000000aa480000)
 Metaspace       used 84365K, capacity 87516K, committed 87808K, reserved 1126400K
  class space    used 10724K, capacity 11471K, committed 11520K, reserved 1048576K
Event: 5004.837 GC heap after
Heap after GC invocations=37 (full 4):
 PSYoungGen      total 283136K, used 49662K [0x00000000e0000000, 0x00000000f7480000, 0x0000000100000000)
  eden space 233472K, 0% used [0x00000000e0000000,0x00000000e0000000,0x00000000ee400000)
  from space 49664K, 99% used [0x00000000ee400000,0x00000000f147f9c8,0x00000000f1480000)
  to   space 60416K, 0% used [0x00000000f3980000,0x00000000f3980000,0x00000000f7480000)
 ParOldGen       total 168448K, used 98621K [0x00000000a0000000, 0x00000000aa480000, 0x00000000e0000000)
  object space 168448K, 58% used [0x00000000a0000000,0x00000000a604f7a0,0x00000000aa480000)
 Metaspace       used 84365K, capacity 87516K, committed 87808K, reserved 1126400K
  class space    used 10724K, capacity 11471K, committed 11520K, reserved 1048576K
}
Event: 5480.832 GC heap before
{Heap before GC invocations=38 (full 4):
 PSYoungGen      total 283136K, used 283134K [0x00000000e0000000, 0x00000000f7480000, 0x0000000100000000)
  eden space 233472K, 100% used [0x00000000e0000000,0x00000000ee400000,0x00000000ee400000)
  from space 49664K, 99% used [0x00000000ee400000,0x00000000f147f9c8,0x00000000f1480000)
  to   space 60416K, 0% used [0x00000000f3980000,0x00000000f3980000,0x00000000f7480000)
 ParOldGen       total 168448K, used 98621K [0x00000000a0000000, 0x00000000aa480000, 0x00000000e0000000)
  object space 168448K, 58% used [0x00000000a0000000,0x00000000a604f7a0,0x00000000aa480000)
 Metaspace       used 84743K, capacity 88006K, committed 88192K, reserved 1126400K
  class space    used 10756K, capacity 11530K, committed 11648K, reserved 1048576K
Event: 5482.048 GC heap after
Heap after GC invocations=38 (full 4):
 PSYoungGen      total 307712K, used 20994K [0x00000000e0000000, 0x00000000f6b80000, 0x0000000100000000)
  eden space 256512K, 0% used [0x00000000e0000000,0x00000000e0000000,0x00000000efa80000)
  from space 51200K, 41% used [0x00000000f3980000,0x00000000f4e009e8,0x00000000f6b80000)
  to   space 57856K, 0% used [0x00000000efa80000,0x00000000efa80000,0x00000000f3300000)
 ParOldGen       total 168448K, used 100005K [0x00000000a0000000, 0x00000000aa480000, 0x00000000e0000000)
  object space 168448K, 59% used [0x00000000a0000000,0x00000000a61a94e8,0x00000000aa480000)
 Metaspace       used 84743K, capacity 88006K, committed 88192K, reserved 1126400K
  class space    used 10756K, capacity 11530K, committed 11648K, reserved 1048576K
}
Event: 7114.253 GC heap before
{Heap before GC invocations=39 (full 4):
 PSYoungGen      total 307712K, used 277506K [0x00000000e0000000, 0x00000000f6b80000, 0x0000000100000000)
  eden space 256512K, 100% used [0x00000000e0000000,0x00000000efa80000,0x00000000efa80000)
  from space 51200K, 41% used [0x00000000f3980000,0x00000000f4e009e8,0x00000000f6b80000)
  to   space 57856K, 0% used [0x00000000efa80000,0x00000000efa80000,0x00000000f3300000)
 ParOldGen       total 168448K, used 100005K [0x00000000a0000000, 0x00000000aa480000, 0x00000000e0000000)
  object space 168448K, 59% used [0x00000000a0000000,0x00000000a61a94e8,0x00000000aa480000)
 Metaspace       used 85546K, capacity 89536K, committed 89856K, reserved 1128448K
  class space    used 10855K, capacity 11710K, committed 11776K, reserved 1048576K
Event: 7115.541 GC heap after
Heap after GC invocations=39 (full 4):
 PSYoungGen      total 314368K, used 29138K [0x00000000e0000000, 0x00000000f7c80000, 0x0000000100000000)
  eden space 256512K, 0% used [0x00000000e0000000,0x00000000e0000000,0x00000000efa80000)
  from space 57856K, 50% used [0x00000000efa80000,0x00000000f16f4b28,0x00000000f3300000)
  to   space 55808K, 0% used [0x00000000f4600000,0x00000000f4600000,0x00000000f7c80000)
 ParOldGen       total 168448K, used 100013K [0x00000000a0000000, 0x00000000aa480000, 0x00000000e0000000)
  object space 168448K, 59% used [0x00000000a0000000,0x00000000a61ab4e8,0x00000000aa480000)
 Metaspace       used 85546K, capacity 89536K, committed 89856K, reserved 1128448K
  class space    used 10855K, capacity 11710K, committed 11776K, reserved 1048576K
}
Event: 7125.203 GC heap before
{Heap before GC invocations=40 (full 4):
 PSYoungGen      total 314368K, used 285534K [0x00000000e0000000, 0x00000000f7c80000, 0x0000000100000000)
  eden space 256512K, 99% used [0x00000000e0000000,0x00000000efa62d68,0x00000000efa80000)
  from space 57856K, 50% used [0x00000000efa80000,0x00000000f16f4b28,0x00000000f3300000)
  to   space 55808K, 0% used [0x00000000f4600000,0x00000000f4600000,0x00000000f7c80000)
 ParOldGen       total 168448K, used 100013K [0x00000000a0000000, 0x00000000aa480000, 0x00000000e0000000)
  object space 168448K, 59% used [0x00000000a0000000,0x00000000a61ab4e8,0x00000000aa480000)
 Metaspace       used 86493K, capacity 90584K, committed 90752K, reserved 1128448K
  class space    used 10908K, capacity 11789K, committed 11904K, reserved 1048576K
Event: 7125.380 GC heap after
Heap after GC invocations=40 (full 4):
 PSYoungGen      total 324096K, used 55783K [0x00000000e0000000, 0x00000000f8f00000, 0x0000000100000000)
  eden space 268288K, 0% used [0x00000000e0000000,0x00000000e0000000,0x00000000f0600000)
  from space 55808K, 99% used [0x00000000f4600000,0x00000000f7c79cf8,0x00000000f7c80000)
  to   space 65536K, 0% used [0x00000000f0600000,0x00000000f0600000,0x00000000f4600000)
 ParOldGen       total 168448K, used 103930K [0x00000000a0000000, 0x00000000aa480000, 0x00000000e0000000)
  object space 168448K, 61% used [0x00000000a0000000,0x00000000a657e8d0,0x00000000aa480000)
 Metaspace       used 86493K, capacity 90584K, committed 90752K, reserved 1128448K
  class space    used 10908K, capacity 11789K, committed 11904K, reserved 1048576K
}
Event: 7909.041 GC heap before
{Heap before GC invocations=41 (full 4):
 PSYoungGen      total 324096K, used 324071K [0x00000000e0000000, 0x00000000f8f00000, 0x0000000100000000)
  eden space 268288K, 100% used [0x00000000e0000000,0x00000000f0600000,0x00000000f0600000)
  from space 55808K, 99% used [0x00000000f4600000,0x00000000f7c79cf8,0x00000000f7c80000)
  to   space 65536K, 0% used [0x00000000f0600000,0x00000000f0600000,0x00000000f4600000)
 ParOldGen       total 168448K, used 103930K [0x00000000a0000000, 0x00000000aa480000, 0x00000000e0000000)
  object space 168448K, 61% used [0x00000000a0000000,0x00000000a657e8d0,0x00000000aa480000)
 Metaspace       used 86801K, capacity 90988K, committed 91264K, reserved 1128448K
  class space    used 10933K, capacity 11833K, committed 11904K, reserved 1048576K
Event: 7916.999 GC heap after
Heap after GC invocations=41 (full 4):
 PSYoungGen      total 333824K, used 23549K [0x00000000e0000000, 0x00000000f9480000, 0x0000000100000000)
  eden space 268288K, 0% used [0x00000000e0000000,0x00000000e0000000,0x00000000f0600000)
  from space 65536K, 35% used [0x00000000f0600000,0x00000000f1cff4e0,0x00000000f4600000)
  to   space 62976K, 0% used [0x00000000f5700000,0x00000000f5700000,0x00000000f9480000)
 ParOldGen       total 168448K, used 104042K [0x00000000a0000000, 0x00000000aa480000, 0x00000000e0000000)
  object space 168448K, 61% used [0x00000000a0000000,0x00000000a659a8e0,0x00000000aa480000)
 Metaspace       used 86801K, capacity 90988K, committed 91264K, reserved 1128448K
  class space    used 10933K, capacity 11833K, committed 11904K, reserved 1048576K
}

Deoptimization events (10 events):
Event: 9775.588 Thread 0x000000001d441800 Uncommon trap: reason=unstable_if action=reinterpret pc=0x0000000004837398 method=sun.nio.cs.UTF_8$Decoder.decodeArrayLoop(Ljava/nio/ByteBuffer;Ljava/nio/CharBuffer;)Ljava/nio/charset/CoderResult; @ 84
Event: 9775.597 Thread 0x000000001d441800 Uncommon trap: reason=unstable_if action=reinterpret pc=0x00000000046b0e88 method=com.sun.org.apache.xerces.internal.impl.XMLDocumentFragmentScannerImpl$FragmentContentDriver.next()I @ 823
Event: 9775.661 Thread 0x000000001d441800 Uncommon trap: reason=unstable_if action=reinterpret pc=0x00000000033ba894 method=com.sun.org.apache.xerces.internal.impl.XMLEntityScanner.scanLiteral(ILcom/sun/org/apache/xerces/internal/xni/XMLString;Z)I @ 44
Event: 9775.701 Thread 0x000000001d441800 Uncommon trap: reason=unstable_if action=reinterpret pc=0x00000000033d63b8 method=com.sun.org.apache.xerces.internal.dom.DeferredDocumentImpl.clearChunkValue([[Ljava/lang/Object;II)Ljava/lang/String; @ 3
Event: 9775.956 Thread 0x000000001d441800 Uncommon trap: reason=unstable_if action=reinterpret pc=0x00000000050b3168 method=java.lang.Long.getChars(JI[C)V @ 9
Event: 9776.123 Thread 0x000000001d441800 Uncommon trap: reason=unstable_if action=reinterpret pc=0x000000000544d020 method=com.sun.org.apache.xerces.internal.dom.DeferredDocumentImpl.getChunkIndex([[III)I @ 3
Event: 9776.153 Thread 0x000000001d441800 Uncommon trap: reason=class_check action=maybe_recompile pc=0x0000000005d89fe0 method=com.sun.org.apache.xerces.internal.dom.NamedNodeMapImpl.findNamePoint(Ljava/lang/String;I)I @ 54
Event: 9776.153 Thread 0x000000001d441800 Uncommon trap: reason=class_check action=maybe_recompile pc=0x0000000005d89fe0 method=com.sun.org.apache.xerces.internal.dom.NamedNodeMapImpl.findNamePoint(Ljava/lang/String;I)I @ 54
Event: 9776.153 Thread 0x000000001d441800 Uncommon trap: reason=class_check action=maybe_recompile pc=0x0000000005d89fe0 method=com.sun.org.apache.xerces.internal.dom.NamedNodeMapImpl.findNamePoint(Ljava/lang/String;I)I @ 54
Event: 9776.153 Thread 0x000000001d441800 Uncommon trap: reason=class_check action=maybe_recompile pc=0x0000000005d89fe0 method=com.sun.org.apache.xerces.internal.dom.NamedNodeMapImpl.findNamePoint(Ljava/lang/String;I)I @ 54

Classes redefined (0 events):
No events

Internal exceptions (10 events):
Event: 9759.201 Thread 0x000000001d441800 Exception <a 'sun/nio/fs/WindowsException'> (0x00000000e2265e10) thrown at [C:\src\AOSP-openjdk-git\hotspot\src\share\vm\prims\jni.cpp, line 710]
Event: 9759.201 Thread 0x000000001d441800 Exception <a 'sun/nio/fs/WindowsException'> (0x00000000e2266810) thrown at [C:\src\AOSP-openjdk-git\hotspot\src\share\vm\prims\jni.cpp, line 710]
Event: 9759.201 Thread 0x000000001d441800 Exception <a 'sun/nio/fs/WindowsException'> (0x00000000e2268a08) thrown at [C:\src\AOSP-openjdk-git\hotspot\src\share\vm\prims\jni.cpp, line 710]
Event: 9759.201 Thread 0x000000001d441800 Exception <a 'sun/nio/fs/WindowsException'> (0x00000000e2269408) thrown at [C:\src\AOSP-openjdk-git\hotspot\src\share\vm\prims\jni.cpp, line 710]
Event: 9759.202 Thread 0x000000001d441800 Exception <a 'sun/nio/fs/WindowsException'> (0x00000000e226c3c0) thrown at [C:\src\AOSP-openjdk-git\hotspot\src\share\vm\prims\jni.cpp, line 710]
Event: 9759.202 Thread 0x000000001d441800 Exception <a 'sun/nio/fs/WindowsException'> (0x00000000e226cdc0) thrown at [C:\src\AOSP-openjdk-git\hotspot\src\share\vm\prims\jni.cpp, line 710]
Event: 9759.202 Thread 0x000000001d441800 Exception <a 'sun/nio/fs/WindowsException'> (0x00000000e226f080) thrown at [C:\src\AOSP-openjdk-git\hotspot\src\share\vm\prims\jni.cpp, line 710]
Event: 9759.202 Thread 0x000000001d441800 Exception <a 'sun/nio/fs/WindowsException'> (0x00000000e226fa80) thrown at [C:\src\AOSP-openjdk-git\hotspot\src\share\vm\prims\jni.cpp, line 710]
Event: 9775.701 Thread 0x000000001d441800 Implicit null exception at 0x00000000033d621e to 0x00000000033d63a1
Event: 9776.123 Thread 0x000000001d441800 Implicit null exception at 0x000000000544ce40 to 0x000000000544d001

Events (10 events):
Event: 9776.153 Thread 0x000000001d441800 DEOPT UNPACKING pc=0x00000000025a557b sp=0x0000000035abaa58 mode 2
Event: 9776.153 Thread 0x000000001d441800 Uncommon trap: trap_request=0xffffffde fr.pc=0x0000000005d89fe0
Event: 9776.153 Thread 0x000000001d441800 DEOPT PACKING pc=0x0000000005d89fe0 sp=0x0000000035abaaa0
Event: 9776.153 Thread 0x000000001d441800 DEOPT UNPACKING pc=0x00000000025a557b sp=0x0000000035abaa58 mode 2
Event: 9776.153 Thread 0x000000001d441800 Uncommon trap: trap_request=0xffffffde fr.pc=0x0000000005d89fe0
Event: 9776.153 Thread 0x000000001d441800 DEOPT PACKING pc=0x0000000005d89fe0 sp=0x0000000035abaaa0
Event: 9776.153 Thread 0x000000001d441800 DEOPT UNPACKING pc=0x00000000025a557b sp=0x0000000035abaa58 mode 2
Event: 9776.153 Thread 0x000000001d441800 Uncommon trap: trap_request=0xffffffde fr.pc=0x0000000005d89fe0
Event: 9776.153 Thread 0x000000001d441800 DEOPT PACKING pc=0x0000000005d89fe0 sp=0x0000000035abac70
Event: 9776.153 Thread 0x000000001d441800 DEOPT UNPACKING pc=0x00000000025a557b sp=0x0000000035abac28 mode 2


Dynamic libraries:
0x00007ff6455d0000 - 0x00007ff645601000 	C:\Program Files\Android\Android Studio\jre\bin\java.exe
0x00007ffca1030000 - 0x00007ffca121d000 	C:\Windows\SYSTEM32\ntdll.dll
0x00007ffca0b10000 - 0x00007ffca0bc3000 	C:\Windows\System32\KERNEL32.DLL
0x00007ffc9d380000 - 0x00007ffc9d615000 	C:\Windows\System32\KERNELBASE.dll
0x00007ffca0e20000 - 0x00007ffca0ec3000 	C:\Windows\System32\ADVAPI32.dll
0x00007ffc9f9b0000 - 0x00007ffc9fa4e000 	C:\Windows\System32\msvcrt.dll
0x00007ffc9fc90000 - 0x00007ffc9fd2e000 	C:\Windows\System32\sechost.dll
0x00007ffc9fb60000 - 0x00007ffc9fc82000 	C:\Windows\System32\RPCRT4.dll
0x00007ffca0bd0000 - 0x00007ffca0d67000 	C:\Windows\System32\USER32.dll
0x00007ffc9e230000 - 0x00007ffc9e250000 	C:\Windows\System32\win32u.dll
0x00007ffc9f920000 - 0x00007ffc9f949000 	C:\Windows\System32\GDI32.dll
0x00007ffc9d800000 - 0x00007ffc9d99c000 	C:\Windows\System32\gdi32full.dll
0x00007ffc9d290000 - 0x00007ffc9d330000 	C:\Windows\System32\msvcp_win.dll
0x00007ffc9d0e0000 - 0x00007ffc9d1da000 	C:\Windows\System32\ucrtbase.dll
0x00007ffc8ea40000 - 0x00007ffc8ecb9000 	C:\Windows\WinSxS\amd64_microsoft.windows.common-controls_6595b64144ccf1df_6.0.17763.1577_none_de7444545348a3d0\COMCTL32.dll
0x00007ffca0790000 - 0x00007ffca0abd000 	C:\Windows\System32\combase.dll
0x00007ffc9d9f0000 - 0x00007ffc9da6e000 	C:\Windows\System32\bcryptPrimitives.dll
0x00007ffca0ad0000 - 0x00007ffca0afe000 	C:\Windows\System32\IMM32.DLL
0x0000000067930000 - 0x0000000067a02000 	C:\Program Files\Android\Android Studio\jre\jre\bin\msvcr100.dll
0x0000000067a10000 - 0x000000006825b000 	C:\Program Files\Android\Android Studio\jre\jre\bin\server\jvm.dll
0x00007ffca0b00000 - 0x00007ffca0b08000 	C:\Windows\System32\PSAPI.DLL
0x00007ffc9a900000 - 0x00007ffc9a924000 	C:\Windows\SYSTEM32\WINMM.dll
0x00007ffc8e8d0000 - 0x00007ffc8e8da000 	C:\Windows\SYSTEM32\VERSION.dll
0x00007ffc99390000 - 0x00007ffc993bd000 	C:\Windows\SYSTEM32\WINMMBASE.dll
0x00007ffc9d330000 - 0x00007ffc9d37a000 	C:\Windows\System32\cfgmgr32.dll
0x00007ffc887a0000 - 0x00007ffc887a9000 	C:\Windows\SYSTEM32\WSOCK32.dll
0x00007ffca0370000 - 0x00007ffca03dd000 	C:\Windows\System32\WS2_32.dll
0x00007ffc967d0000 - 0x00007ffc967df000 	C:\Program Files\Android\Android Studio\jre\jre\bin\verify.dll
0x00007ffc85850000 - 0x00007ffc85879000 	C:\Program Files\Android\Android Studio\jre\jre\bin\java.dll
0x00007ffc856d0000 - 0x00007ffc856e6000 	C:\Program Files\Android\Android Studio\jre\jre\bin\zip.dll
0x00007ffc9e2d0000 - 0x00007ffc9f7c9000 	C:\Windows\System32\SHELL32.dll
0x00007ffca0d70000 - 0x00007ffca0e18000 	C:\Windows\System32\shcore.dll
0x00007ffc9dad0000 - 0x00007ffc9e223000 	C:\Windows\System32\windows.storage.dll
0x00007ffc9d0b0000 - 0x00007ffc9d0d4000 	C:\Windows\System32\profapi.dll
0x00007ffc9d010000 - 0x00007ffc9d06d000 	C:\Windows\System32\powrprof.dll
0x00007ffc9f950000 - 0x00007ffc9f9a2000 	C:\Windows\System32\shlwapi.dll
0x00007ffc9d090000 - 0x00007ffc9d0a1000 	C:\Windows\System32\kernel.appcore.dll
0x00007ffc9d9d0000 - 0x00007ffc9d9e7000 	C:\Windows\System32\cryptsp.dll
0x00007ffc83ac0000 - 0x00007ffc83ada000 	C:\Program Files\Android\Android Studio\jre\jre\bin\net.dll
0x00007ffc9c880000 - 0x00007ffc9c8e7000 	C:\Windows\system32\mswsock.dll
0x00007ffc83210000 - 0x00007ffc83223000 	C:\Program Files\Android\Android Studio\jre\jre\bin\nio.dll
0x00007ffc86240000 - 0x00007ffc8625e000 	C:\Users\Yassine\.gradle\native\25\windows-amd64\native-platform.dll
0x00007ffc967c0000 - 0x00007ffc967cd000 	C:\Program Files\Android\Android Studio\jre\jre\bin\management.dll
0x00007ffc9c400000 - 0x00007ffc9c433000 	C:\Windows\system32\rsaenh.dll
0x00007ffc9d9a0000 - 0x00007ffc9d9c6000 	C:\Windows\System32\bcrypt.dll
0x00007ffc9cf40000 - 0x00007ffc9cf69000 	C:\Windows\SYSTEM32\USERENV.dll
0x00007ffc9ca50000 - 0x00007ffc9ca5c000 	C:\Windows\SYSTEM32\CRYPTBASE.dll
0x00007ffc9c5a0000 - 0x00007ffc9c5dd000 	C:\Windows\SYSTEM32\IPHLPAPI.DLL
0x00007ffc9fee0000 - 0x00007ffc9fee8000 	C:\Windows\System32\NSI.dll
0x00007ffc93a50000 - 0x00007ffc93a66000 	C:\Windows\SYSTEM32\dhcpcsvc6.DLL
0x00007ffc93a30000 - 0x00007ffc93a4c000 	C:\Windows\SYSTEM32\dhcpcsvc.DLL
0x00007ffc9c5e0000 - 0x00007ffc9c6a6000 	C:\Windows\SYSTEM32\DNSAPI.dll

VM Arguments:
jvm_args: -Xmx1536m -Dfile.encoding=windows-1252 -Duser.country=US -Duser.language=en -Duser.variant 
java_command: org.gradle.launcher.daemon.bootstrap.GradleDaemon 4.10.1
java_class_path (initial): C:\Users\Yassine\.gradle\wrapper\dists\gradle-4.10.1-all\455itskqi2qtf0v2sja68alqd\gradle-4.10.1\lib\gradle-launcher-4.10.1.jar
Launcher Type: SUN_STANDARD

Environment Variables:
JAVA_HOME=C:\Program Files\Java\jdk1.8.0_271
PATH=C:\Program Files (x86)\Common Files\Oracle\Java\javapath;C:\Python38\Scripts\;C:\Python38\;C:\Windows\system32;C:\Windows;C:\Windows\System32\Wbem;C:\Windows\System32\WindowsPowerShell\v1.0\;C:\Windows\System32\OpenSSH\;C:\ProgramData\chocolatey\bin;C:\Program Files\Git\cmd;C:\Program Files\nodejs\;C:\Program Files\Java\jdk1.8.0_271\bin;C:\gradle-6.7.1\bin;C:\xampp\php;C:\composer;C:\Users\Yassine\AppData\Local\Microsoft\WindowsApps;C:\Users\Yassine\AppData\Local\Programs\Microsoft VS Code\bin;C:\Users\Yassine\AppData\Local\Yarn\bin;C:\Users\Yassine\AppData\Roaming\npm;C:\Program Files\Java\jdk1.8.0_271\bin;C:\Program Files\JetBrains\IntelliJ IDEA 2020.2.4\bin;;C:\gradle-6.7.1\bin;C:\Users\Yassine\AppData\Roaming\Composer\vendor\bin
USERNAME=Yassine
OS=Windows_NT
PROCESSOR_IDENTIFIER=Intel64 Family 6 Model 61 Stepping 4, GenuineIntel



---------------  S Y S T E M  ---------------

OS: Windows 10.0 , 64 bit Build 17763 (10.0.17763.475)

CPU:total 4 (initial active 4) (2 cores per cpu, 2 threads per core) family 6 model 61 stepping 4, cmov, cx8, fxsr, mmx, sse, sse2, sse3, ssse3, sse4.1, sse4.2, popcnt, avx, avx2, aes, clmul, erms, rtm, 3dnowpref, lzcnt, ht, tsc, tscinvbit, bmi1, bmi2, adx

Memory: 4k page, physical 4063528k(259244k free), swap 12346664k(2872k free)

vm_info: OpenJDK 64-Bit Server VM (25.242-b01) for windows-amd64 JRE (1.8.0_242-release-1644-b01), built by "builder" with MS VC++ 10.0 (VS2010)

time: Fri Feb 05 16:23:47 2021
timezone: Morocco Daylight Time
elapsed time: 9776 seconds (0d 2h 42m 56s)

