#
# There is insufficient memory for the Java Runtime Environment to continue.
# Native memory allocation (malloc) failed to allocate 1823696 bytes for Chunk::new
# Possible reasons:
#   The system is out of physical RAM or swap space
#   The process is running with CompressedOops enabled, and the Java Heap may be blocking the growth of the native heap
# Possible solutions:
#   Reduce memory load on the system
#   Increase physical memory or swap space
#   Check if swap backing store is full
#   Decrease Java heap size (-Xmx/-Xms)
#   Decrease number of Java threads
#   Decrease Java thread stack sizes (-Xss)
#   Set larger code cache with -XX:ReservedCodeCacheSize=
#   JVM is running with Unscaled Compressed Oops mode in which the Java heap is
#     placed in the first 4GB address space. The Java Heap base address is the
#     maximum limit for the native heap growth. Please use -XX:HeapBaseMinAddress
#     to set the Java Heap base and to place the Java Heap above 4GB virtual address.
# This output file may be truncated or incomplete.
#
#  Out of Memory Error (allocation.cpp:389), pid=12848, tid=0x00000000000003d8
#
# JRE version: OpenJDK Runtime Environment (8.0_242-b01) (build 1.8.0_242-release-1644-b01)
# Java VM: OpenJDK 64-Bit Server VM (25.242-b01 mixed mode windows-amd64 compressed oops)
# Failed to write core dump. Minidumps are not enabled by default on client versions of Windows
#

---------------  T H R E A D  ---------------

Current thread (0x0000000015f2a000):  JavaThread "C2 CompilerThread1" daemon [_thread_in_native, id=984, stack(0x0000000017680000,0x0000000017780000)]

Stack: [0x0000000017680000,0x0000000017780000]
[error occurred during error reporting (printing stack bounds), id 0xc0000005]

Native frames: (J=compiled Java code, j=interpreted, Vv=VM code, C=native code)


Current CompileTask:
C2:  98284 18087       4       sun.reflect.generics.parser.SignatureParser::parseFieldTypeSignature (73 bytes)


---------------  P R O C E S S  ---------------

Java Threads: ( => current thread )
  0x000000001db0b000 JavaThread "ForkJoinPool.commonPool-worker-0" daemon [_thread_blocked, id=3800, stack(0x0000000029a20000,0x0000000029b20000)]
  0x000000001ae6c000 JavaThread "Cache worker for Java compile cache (C:\Users\Yassine\Desktop\pets_android\.gradle\4.10.1\javaCompile)" [_thread_blocked, id=2700, stack(0x0000000025df0000,0x0000000025ef0000)]
  0x000000001ae69000 JavaThread "Cache worker for Java compile cache (C:\Users\Yassine\.gradle\caches\4.10.1\javaCompile)" [_thread_blocked, id=8568, stack(0x0000000025cf0000,0x0000000025df0000)]
  0x000000001ae65800 JavaThread "stdout" daemon [_thread_in_native, id=632, stack(0x00000000259f0000,0x0000000025af0000)]
  0x000000001953e800 JavaThread "stderr" daemon [_thread_in_native, id=12760, stack(0x00000000258f0000,0x00000000259f0000)]
  0x000000001953d800 JavaThread "stdout" daemon [_thread_in_native, id=10716, stack(0x00000000257f0000,0x00000000258f0000)]
  0x000000001953d000 JavaThread "stderr" daemon [_thread_in_native, id=9492, stack(0x00000000256f0000,0x00000000257f0000)]
  0x0000000019541800 JavaThread "stdout" daemon [_thread_in_native, id=13104, stack(0x00000000255f0000,0x00000000256f0000)]
  0x000000001953c000 JavaThread "stderr" daemon [_thread_in_native, id=8148, stack(0x00000000254f0000,0x00000000255f0000)]
  0x0000000019540000 JavaThread "pool-4-thread-1" [_thread_blocked, id=1660, stack(0x00000000253f0000,0x00000000254f0000)]
  0x000000001953f000 JavaThread "MarlinRenderer Disposer" daemon [_thread_blocked, id=7784, stack(0x0000000025150000,0x0000000025250000)]
  0x0000000019540800 JavaThread "Java2D Disposer" daemon [_thread_blocked, id=9924, stack(0x0000000024e50000,0x0000000024f50000)]
  0x0000000019539000 JavaThread "Cache worker for Build Output Cleanup Cache (C:\Users\Yassine\Desktop\pets_android\.gradle\buildOutputCleanup)" [_thread_blocked, id=10480, stack(0x0000000024650000,0x0000000024750000)]
  0x0000000019535800 JavaThread "Cache worker for task history cache (C:\Users\Yassine\Desktop\pets_android\.gradle\4.10.1\taskHistory)" [_thread_blocked, id=1836, stack(0x0000000024550000,0x0000000024650000)]
  0x0000000019538800 JavaThread "Task worker for ':' Thread 3" [_thread_blocked, id=11012, stack(0x0000000024450000,0x0000000024550000)]
  0x0000000019537000 JavaThread "Task worker for ':' Thread 2" [_thread_blocked, id=12348, stack(0x0000000024350000,0x0000000024450000)]
  0x0000000019534000 JavaThread "Task worker for ':'" [_thread_blocked, id=12176, stack(0x0000000024250000,0x0000000024350000)]
  0x0000000019446800 JavaThread "Cache worker for file content cache (C:\Users\Yassine\Desktop\pets_android\.gradle\4.10.1\fileContent)" [_thread_blocked, id=12104, stack(0x0000000024150000,0x0000000024250000)]
  0x000000001ee54000 JavaThread "Cache worker for file content cache (C:\Users\Yassine\.gradle\caches\4.10.1\fileContent)" [_thread_blocked, id=2064, stack(0x0000000024050000,0x0000000024150000)]
  0x000000001ee52800 JavaThread "Build operations Thread 4" [_thread_blocked, id=6636, stack(0x0000000023f50000,0x0000000024050000)]
  0x000000001ee51800 JavaThread "Build operations Thread 3" [_thread_blocked, id=2916, stack(0x0000000023e50000,0x0000000023f50000)]
  0x000000001ee4a000 JavaThread "Build operations Thread 2" [_thread_blocked, id=12164, stack(0x0000000023d50000,0x0000000023e50000)]
  0x000000001ee51000 JavaThread "Build operations" [_thread_blocked, id=13176, stack(0x0000000023c50000,0x0000000023d50000)]
  0x000000001ee49800 JavaThread "Cache worker for cache directory md-rule (C:\Users\Yassine\.gradle\caches\4.10.1\md-rule)" [_thread_blocked, id=12984, stack(0x0000000023b50000,0x0000000023c50000)]
  0x000000001ee50000 JavaThread "Cache worker for cache directory md-supplier (C:\Users\Yassine\.gradle\caches\4.10.1\md-supplier)" [_thread_blocked, id=5952, stack(0x0000000023a50000,0x0000000023b50000)]
  0x000000001ee48800 JavaThread "Cache worker for file hash cache (C:\Users\Yassine\Desktop\pets_android\.gradle\4.10.1\fileHashes)" [_thread_blocked, id=9384, stack(0x0000000023950000,0x0000000023a50000)]
  0x000000001ee4b800 JavaThread "Asynchronous log dispatcher for DefaultDaemonConnection: socket connection from /127.0.0.1:63568 to /127.0.0.1:63586" [_thread_blocked, id=5316, stack(0x0000000023750000,0x0000000023850000)]
  0x000000001ee4b000 JavaThread "Cancel handler" [_thread_blocked, id=9944, stack(0x0000000023650000,0x0000000023750000)]
  0x000000001ee48000 JavaThread "Handler for socket connection from /127.0.0.1:63568 to /127.0.0.1:63586" [_thread_in_native, id=9700, stack(0x0000000023340000,0x0000000023440000)]
  0x000000001ee4e000 JavaThread "Memory manager" [_thread_blocked, id=1532, stack(0x0000000020310000,0x0000000020410000)]
  0x000000001944a800 JavaThread "Cache worker for Artifact transforms cache (C:\Users\Yassine\.gradle\caches\transforms-1)" [_thread_blocked, id=9436, stack(0x000000001e540000,0x000000001e640000)]
  0x0000000019448000 JavaThread "Cache worker for journal cache (C:\Users\Yassine\.gradle\caches\journal-1)" [_thread_blocked, id=2816, stack(0x000000001cb70000,0x000000001cc70000)]
  0x00000000180a1000 JavaThread "File lock request listener" [_thread_in_native, id=11000, stack(0x000000001a9d0000,0x000000001aad0000)]
  0x00000000180a0000 JavaThread "Cache worker for file hash cache (C:\Users\Yassine\.gradle\caches\4.10.1\fileHashes)" [_thread_blocked, id=10148, stack(0x000000001a8d0000,0x000000001a9d0000)]
  0x0000000019301000 JavaThread "Daemon worker" [_thread_blocked, id=2812, stack(0x000000001a3d0000,0x000000001a4d0000)]
  0x0000000019204800 JavaThread "Daemon" [_thread_blocked, id=8844, stack(0x0000000019ed0000,0x0000000019fd0000)]
  0x00000000191cf000 JavaThread "Daemon periodic checks" [_thread_blocked, id=11168, stack(0x0000000019dd0000,0x0000000019ed0000)]
  0x00000000191b5000 JavaThread "Incoming local TCP Connector on port 63568" [_thread_in_native, id=4560, stack(0x0000000019b90000,0x0000000019c90000)]
  0x0000000015f7d800 JavaThread "Service Thread" daemon [_thread_blocked, id=7796, stack(0x0000000017c80000,0x0000000017d80000)]
  0x0000000015f34800 JavaThread "C1 CompilerThread2" daemon [_thread_blocked, id=4228, stack(0x0000000017780000,0x0000000017880000)]
=>0x0000000015f2a000 JavaThread "C2 CompilerThread1" daemon [_thread_in_native, id=984, stack(0x0000000017680000,0x0000000017780000)]
  0x0000000015f24000 JavaThread "C2 CompilerThread0" daemon [_thread_blocked, id=1548, stack(0x0000000017580000,0x0000000017680000)]
  0x0000000015f22800 JavaThread "Attach Listener" daemon [_thread_blocked, id=6864, stack(0x0000000017480000,0x0000000017580000)]
  0x0000000015f21000 JavaThread "Signal Dispatcher" daemon [_thread_blocked, id=8476, stack(0x0000000017380000,0x0000000017480000)]
  0x00000000025ab000 JavaThread "Finalizer" daemon [_thread_blocked, id=9056, stack(0x0000000017180000,0x0000000017280000)]
  0x0000000015f09000 JavaThread "Reference Handler" daemon [_thread_blocked, id=10968, stack(0x0000000017080000,0x0000000017180000)]
  0x0000000000a2e800 JavaThread "main" [_thread_blocked, id=6572, stack(0x00000000023b0000,0x00000000024b0000)]

Other Threads:
  0x0000000015ee7000 VMThread [stack: 0x0000000016f80000,0x0000000017080000] [id=12080]
  0x0000000015f7e000 WatcherThread [stack: 0x0000000017d80000,0x0000000017e80000] [id=9716]

VM state:at safepoint (normal execution)

VM Mutex/Monitor currently owned by a thread:  ([mutex/lock_event])
[0x0000000000a2d270] Threads_lock - owner thread: 0x0000000015ee7000
[0x0000000000a2d070] Heap_lock - owner thread: 0x0000000019534000

heap address: 0x00000000a0000000, size: 1536 MB, Compressed Oops mode: 32-bit
Narrow klass base: 0x0000000000000000, Narrow klass shift: 3
Compressed class space size: 1073741824 Address: 0x0000000100000000

Heap:
 PSYoungGen      total 280576K, used 252447K [0x00000000e0000000, 0x00000000f5580000, 0x0000000100000000)
  eden space 238080K, 99% used [0x00000000e0000000,0x00000000ee85e698,0x00000000ee880000)
  from space 42496K, 34% used [0x00000000ee880000,0x00000000ef6a9950,0x00000000f1200000)
  to   space 40448K, 0% used [0x00000000f2e00000,0x00000000f2e00000,0x00000000f5580000)
 ParOldGen       total 176640K, used 159217K [0x00000000a0000000, 0x00000000aac80000, 0x00000000e0000000)
  object space 176640K, 90% used [0x00000000a0000000,0x00000000a9b7c5d8,0x00000000aac80000)
 Metaspace       used 96962K, capacity 100252K, committed 100608K, reserved 1136640K
  class space    used 12290K, capacity 12954K, committed 13056K, reserved 1048576K

Card table byte_map: [0x0000000011970000,0x0000000011c80000] byte_map_base: 0x0000000011470000

Marking Bits: (ParMarkBitMap*) 0x0000000059caf030
 Begin Bits: [0x0000000012280000, 0x0000000013a80000)
 End Bits:   [0x0000000013a80000, 0x0000000015280000)

Polling page: 0x00000000009e0000

CodeCache: size=245760Kb used=48217Kb max_used=49625Kb free=197542Kb
 bounds [0x00000000025b0000, 0x0000000005670000, 0x00000000115b0000]
 total_blobs=15549 nmethods=14548 adapters=911
 compilation: enabled

Compilation events (10 events):
Event: 98.118 Thread 0x0000000015f34800 18117       3       com.android.tools.build.apkzlib.zip.ProcessedAndRawByteSources::close (27 bytes)
Event: 98.120 Thread 0x0000000015f34800 nmethod 18117 0x0000000003e0a450 code [0x0000000003e0a640, 0x0000000003e0b118]
Event: 98.120 Thread 0x0000000015f34800 18118  s    3       com.android.tools.build.apkzlib.bytestorage.InMemoryByteStorage$1::innerClose (17 bytes)
Event: 98.121 Thread 0x0000000015f34800 nmethod 18118 0x000000000436d110 code [0x000000000436d2a0, 0x000000000436db90]
Event: 98.121 Thread 0x0000000015f34800 18120       3       com.android.tools.build.apkzlib.zip.ZFile::writeEntry (143 bytes)
Event: 98.125 Thread 0x0000000015f34800 nmethod 18120 0x000000000488d690 code [0x000000000488d960, 0x000000000488e9a8]
Event: 98.125 Thread 0x0000000015f34800 18119       3       com.android.tools.build.apkzlib.zip.utils.CloseableDelegateByteSource::sizeNoException (5 bytes)
Event: 98.125 Thread 0x0000000015f34800 nmethod 18119 0x00000000031fe710 code [0x00000000031fe860, 0x00000000031fe9b0]
Event: 98.130 Thread 0x0000000015f34800 18121       3       com.android.tools.build.apkzlib.zip.InflaterByteSource::innerClose (8 bytes)
Event: 98.131 Thread 0x0000000015f34800 nmethod 18121 0x0000000003a007d0 code [0x0000000003a00960, 0x0000000003a00ec8]

GC Heap History (10 events):
Event: 69.577 GC heap after
Heap after GC invocations=19 (full 3):
 PSYoungGen      total 254464K, used 14821K [0x00000000e0000000, 0x00000000f1180000, 0x0000000100000000)
  eden space 230912K, 0% used [0x00000000e0000000,0x00000000e0000000,0x00000000ee180000)
  from space 23552K, 62% used [0x00000000efa80000,0x00000000f08f95c8,0x00000000f1180000)
  to   space 24576K, 0% used [0x00000000ee180000,0x00000000ee180000,0x00000000ef980000)
 ParOldGen       total 92672K, used 51773K [0x00000000a0000000, 0x00000000a5a80000, 0x00000000e0000000)
  object space 92672K, 55% used [0x00000000a0000000,0x00000000a328f530,0x00000000a5a80000)
 Metaspace       used 84561K, capacity 86790K, committed 87168K, reserved 1124352K
  class space    used 10798K, capacity 11333K, committed 11392K, reserved 1048576K
}
Event: 78.946 GC heap before
{Heap before GC invocations=20 (full 3):
 PSYoungGen      total 254464K, used 245733K [0x00000000e0000000, 0x00000000f1180000, 0x0000000100000000)
  eden space 230912K, 100% used [0x00000000e0000000,0x00000000ee180000,0x00000000ee180000)
  from space 23552K, 62% used [0x00000000efa80000,0x00000000f08f95c8,0x00000000f1180000)
  to   space 24576K, 0% used [0x00000000ee180000,0x00000000ee180000,0x00000000ef980000)
 ParOldGen       total 92672K, used 51773K [0x00000000a0000000, 0x00000000a5a80000, 0x00000000e0000000)
  object space 92672K, 55% used [0x00000000a0000000,0x00000000a328f530,0x00000000a5a80000)
 Metaspace       used 93662K, capacity 96662K, committed 96896K, reserved 1134592K
  class space    used 11972K, capacity 12617K, committed 12672K, reserved 1048576K
Event: 79.011 GC heap after
Heap after GC invocations=20 (full 3):
 PSYoungGen      total 255488K, used 24544K [0x00000000e0000000, 0x00000000f2e00000, 0x0000000100000000)
  eden space 230912K, 0% used [0x00000000e0000000,0x00000000e0000000,0x00000000ee180000)
  from space 24576K, 99% used [0x00000000ee180000,0x00000000ef978210,0x00000000ef980000)
  to   space 28672K, 0% used [0x00000000f1200000,0x00000000f1200000,0x00000000f2e00000)
 ParOldGen       total 92672K, used 53068K [0x00000000a0000000, 0x00000000a5a80000, 0x00000000e0000000)
  object space 92672K, 57% used [0x00000000a0000000,0x00000000a33d3008,0x00000000a5a80000)
 Metaspace       used 93662K, capacity 96662K, committed 96896K, reserved 1134592K
  class space    used 11972K, capacity 12617K, committed 12672K, reserved 1048576K
}
Event: 87.415 GC heap before
{Heap before GC invocations=21 (full 3):
 PSYoungGen      total 255488K, used 255456K [0x00000000e0000000, 0x00000000f2e00000, 0x0000000100000000)
  eden space 230912K, 100% used [0x00000000e0000000,0x00000000ee180000,0x00000000ee180000)
  from space 24576K, 99% used [0x00000000ee180000,0x00000000ef978210,0x00000000ef980000)
  to   space 28672K, 0% used [0x00000000f1200000,0x00000000f1200000,0x00000000f2e00000)
 ParOldGen       total 92672K, used 53068K [0x00000000a0000000, 0x00000000a5a80000, 0x00000000e0000000)
  object space 92672K, 57% used [0x00000000a0000000,0x00000000a33d3008,0x00000000a5a80000)
 Metaspace       used 94900K, capacity 97912K, committed 98176K, reserved 1134592K
  class space    used 12002K, capacity 12626K, committed 12672K, reserved 1048576K
Event: 87.662 GC heap after
Heap after GC invocations=21 (full 3):
 PSYoungGen      total 266752K, used 28651K [0x00000000e0000000, 0x00000000f5280000, 0x0000000100000000)
  eden space 238080K, 0% used [0x00000000e0000000,0x00000000e0000000,0x00000000ee880000)
  from space 28672K, 99% used [0x00000000f1200000,0x00000000f2dfae50,0x00000000f2e00000)
  to   space 42496K, 0% used [0x00000000ee880000,0x00000000ee880000,0x00000000f1200000)
 ParOldGen       total 92672K, used 78680K [0x00000000a0000000, 0x00000000a5a80000, 0x00000000e0000000)
  object space 92672K, 84% used [0x00000000a0000000,0x00000000a4cd6318,0x00000000a5a80000)
 Metaspace       used 94900K, capacity 97912K, committed 98176K, reserved 1134592K
  class space    used 12002K, capacity 12626K, committed 12672K, reserved 1048576K
}
Event: 87.662 GC heap before
{Heap before GC invocations=22 (full 4):
 PSYoungGen      total 266752K, used 28651K [0x00000000e0000000, 0x00000000f5280000, 0x0000000100000000)
  eden space 238080K, 0% used [0x00000000e0000000,0x00000000e0000000,0x00000000ee880000)
  from space 28672K, 99% used [0x00000000f1200000,0x00000000f2dfae50,0x00000000f2e00000)
  to   space 42496K, 0% used [0x00000000ee880000,0x00000000ee880000,0x00000000f1200000)
 ParOldGen       total 92672K, used 78680K [0x00000000a0000000, 0x00000000a5a80000, 0x00000000e0000000)
  object space 92672K, 84% used [0x00000000a0000000,0x00000000a4cd6318,0x00000000a5a80000)
 Metaspace       used 94900K, capacity 97912K, committed 98176K, reserved 1134592K
  class space    used 12002K, capacity 12626K, committed 12672K, reserved 1048576K
Event: 89.511 GC heap after
Heap after GC invocations=22 (full 4):
 PSYoungGen      total 266752K, used 0K [0x00000000e0000000, 0x00000000f5280000, 0x0000000100000000)
  eden space 238080K, 0% used [0x00000000e0000000,0x00000000e0000000,0x00000000ee880000)
  from space 28672K, 0% used [0x00000000f1200000,0x00000000f1200000,0x00000000f2e00000)
  to   space 42496K, 0% used [0x00000000ee880000,0x00000000ee880000,0x00000000f1200000)
 ParOldGen       total 176640K, used 89905K [0x00000000a0000000, 0x00000000aac80000, 0x00000000e0000000)
  object space 176640K, 50% used [0x00000000a0000000,0x00000000a57cc5b8,0x00000000aac80000)
 Metaspace       used 94872K, capacity 97834K, committed 98176K, reserved 1134592K
  class space    used 11992K, capacity 12609K, committed 12672K, reserved 1048576K
}
Event: 96.763 GC heap before
{Heap before GC invocations=23 (full 4):
 PSYoungGen      total 266752K, used 238080K [0x00000000e0000000, 0x00000000f5280000, 0x0000000100000000)
  eden space 238080K, 100% used [0x00000000e0000000,0x00000000ee880000,0x00000000ee880000)
  from space 28672K, 0% used [0x00000000f1200000,0x00000000f1200000,0x00000000f2e00000)
  to   space 42496K, 0% used [0x00000000ee880000,0x00000000ee880000,0x00000000f1200000)
 ParOldGen       total 176640K, used 94696K [0x00000000a0000000, 0x00000000aac80000, 0x00000000e0000000)
  object space 176640K, 53% used [0x00000000a0000000,0x00000000a5c7a1e8,0x00000000aac80000)
 Metaspace       used 96744K, capacity 100092K, committed 100352K, reserved 1136640K
  class space    used 12260K, capacity 12948K, committed 13056K, reserved 1048576K
Event: 96.854 GC heap after
Heap after GC invocations=23 (full 4):
 PSYoungGen      total 280576K, used 14502K [0x00000000e0000000, 0x00000000f5580000, 0x0000000100000000)
  eden space 238080K, 0% used [0x00000000e0000000,0x00000000e0000000,0x00000000ee880000)
  from space 42496K, 34% used [0x00000000ee880000,0x00000000ef6a9950,0x00000000f1200000)
  to   space 40448K, 0% used [0x00000000f2e00000,0x00000000f2e00000,0x00000000f5580000)
 ParOldGen       total 176640K, used 94704K [0x00000000a0000000, 0x00000000aac80000, 0x00000000e0000000)
  object space 176640K, 53% used [0x00000000a0000000,0x00000000a5c7c1e8,0x00000000aac80000)
 Metaspace       used 96744K, capacity 100092K, committed 100352K, reserved 1136640K
  class space    used 12260K, capacity 12948K, committed 13056K, reserved 1048576K
}
Event: 98.134 GC heap before
{Heap before GC invocations=24 (full 5):
 PSYoungGen      total 280576K, used 252447K [0x00000000e0000000, 0x00000000f5580000, 0x0000000100000000)
  eden space 238080K, 99% used [0x00000000e0000000,0x00000000ee85e698,0x00000000ee880000)
  from space 42496K, 34% used [0x00000000ee880000,0x00000000ef6a9950,0x00000000f1200000)
  to   space 40448K, 0% used [0x00000000f2e00000,0x00000000f2e00000,0x00000000f5580000)
 ParOldGen       total 176640K, used 159217K [0x00000000a0000000, 0x00000000aac80000, 0x00000000e0000000)
  object space 176640K, 90% used [0x00000000a0000000,0x00000000a9b7c5d8,0x00000000aac80000)
 Metaspace       used 96962K, capacity 100252K, committed 100608K, reserved 1136640K
  class space    used 12290K, capacity 12954K, committed 13056K, reserved 1048576K

Deoptimization events (10 events):
Event: 95.715 Thread 0x0000000019534000 Uncommon trap: reason=bimorphic action=maybe_recompile pc=0x0000000003fbcf6c method=com.google.common.collect.TransformedIterator.next()Ljava/lang/Object; @ 5
Event: 95.715 Thread 0x0000000019534000 Uncommon trap: reason=class_check action=maybe_recompile pc=0x0000000003fb65c8 method=com.google.common.collect.Maps$3.transform(Ljava/lang/Object;)Ljava/util/Map$Entry; @ 6
Event: 95.716 Thread 0x0000000019534000 Uncommon trap: reason=bimorphic action=maybe_recompile pc=0x0000000003fbcf6c method=com.google.common.collect.TransformedIterator.next()Ljava/lang/Object; @ 5
Event: 95.716 Thread 0x0000000019534000 Uncommon trap: reason=class_check action=maybe_recompile pc=0x0000000003fb65c8 method=com.google.common.collect.Maps$3.transform(Ljava/lang/Object;)Ljava/util/Map$Entry; @ 6
Event: 95.912 Thread 0x0000000019534000 Uncommon trap: reason=unstable_if action=reinterpret pc=0x00000000032803d0 method=com.google.gson.stream.JsonReader.nextQuotedValue(C)Ljava/lang/String; @ 81
Event: 95.929 Thread 0x0000000019534000 Uncommon trap: reason=unstable_if action=reinterpret pc=0x0000000002fa0b3c method=sun.util.calendar.BaseCalendar$Date.hit(J)Z @ 15
Event: 95.929 Thread 0x0000000019534000 Uncommon trap: reason=unstable_if action=reinterpret pc=0x0000000004e09128 method=sun.util.calendar.BaseCalendar.getFixedDate(IIILsun/util/calendar/BaseCalendar$Date;)J @ 76
Event: 96.334 Thread 0x0000000019534000 Uncommon trap: reason=bimorphic action=maybe_recompile pc=0x0000000005644b0c method=com.google.common.collect.TransformedIterator.next()Ljava/lang/Object; @ 10
Event: 96.334 Thread 0x0000000019534000 Uncommon trap: reason=bimorphic action=maybe_recompile pc=0x0000000005644b0c method=com.google.common.collect.TransformedIterator.next()Ljava/lang/Object; @ 10
Event: 97.735 Thread 0x0000000019534000 Uncommon trap: reason=unstable_if action=reinterpret pc=0x000000000311f33c method=java.nio.Bits.getInt(Ljava/nio/ByteBuffer;IZ)I @ 1

Classes redefined (0 events):
No events

Internal exceptions (10 events):
Event: 90.261 Thread 0x000000001db07800 Exception <a 'sun/nio/fs/WindowsException'> (0x00000000e3a654b8) thrown at [C:\src\AOSP-openjdk-git\hotspot\src\share\vm\prims\jni.cpp, line 710]
Event: 90.772 Thread 0x0000000019534000 Exception <a 'sun/nio/fs/WindowsException'> (0x00000000e43cace0) thrown at [C:\src\AOSP-openjdk-git\hotspot\src\share\vm\prims\jni.cpp, line 710]
Event: 90.837 Thread 0x0000000019534000 Exception <a 'java/lang/NoSuchMethodError': java.lang.Object.lambda$asRunnable$0(Lcom/android/tools/build/apkzlib/utils/IOExceptionRunnable;)V> (0x00000000e444fa10) thrown at [C:\src\AOSP-openjdk-git\hotspot\src\share\vm\interpreter\linkResolver.cpp, line
Event: 90.931 Thread 0x0000000019534000 Exception <a 'java/lang/NoSuchMethodError': java.lang.Object.newSystemTemporaryDirectory()Lcom/android/tools/build/apkzlib/bytestorage/TemporaryDirectory;> (0x00000000e459e958) thrown at [C:\src\AOSP-openjdk-git\hotspot\src\share\vm\interpreter\linkResolv
Event: 94.015 Thread 0x0000000019534000 Exception <a 'sun/nio/fs/WindowsException'> (0x00000000e7ff2368) thrown at [C:\src\AOSP-openjdk-git\hotspot\src\share\vm\prims\jni.cpp, line 710]
Event: 95.292 Thread 0x0000000019534000 Implicit null exception at 0x0000000002ef01ea to 0x0000000002ef0239
Event: 95.292 Thread 0x0000000019534000 Implicit null exception at 0x0000000004eb4db0 to 0x0000000004eb4dc0
Event: 95.667 Thread 0x0000000019534000 Exception <a 'sun/nio/fs/WindowsException'> (0x00000000ebd03518) thrown at [C:\src\AOSP-openjdk-git\hotspot\src\share\vm\prims\jni.cpp, line 710]
Event: 95.667 Thread 0x0000000019534000 Exception <a 'sun/nio/fs/WindowsException'> (0x00000000ebd04188) thrown at [C:\src\AOSP-openjdk-git\hotspot\src\share\vm\prims\jni.cpp, line 710]
Event: 96.106 Thread 0x0000000019534000 Exception <a 'java/lang/NoSuchMethodError': java.lang.Object.lambda$comparing$ea9a8b3a$1(Ljava/util/Comparator;Ljava/util/function/Function;Ljava/lang/Object;Ljava/lang/Object;)I> (0x00000000ec430050) thrown at [C:\src\AOSP-openjdk-git\hotspot\src\share\v

Events (10 events):
Event: 98.036 Executing VM operation: RevokeBias done
Event: 98.036 Thread 0x000000001db05800 Thread exited: 0x000000001db05800
Event: 98.051 Thread 0x0000000015f24000 flushing nmethod 0x00000000053806d0
Event: 98.051 Thread 0x0000000015f24000 flushing nmethod 0x0000000005381450
Event: 98.051 Thread 0x0000000015f24000 flushing nmethod 0x000000000539b310
Event: 98.051 Thread 0x0000000015f24000 flushing nmethod 0x00000000053aa290
Event: 98.051 Thread 0x0000000015f24000 flushing nmethod 0x00000000053b2b50
Event: 98.051 Thread 0x0000000015f24000 flushing nmethod 0x00000000053c1290
Event: 98.051 Thread 0x0000000015f24000 flushing nmethod 0x000000000540b850
Event: 98.134 Executing VM operation: ParallelGCFailedAllocation


Dynamic libraries:
0x00007ff646320000 - 0x00007ff646351000 	C:\Program Files\Android\Android Studio\jre\bin\java.exe
0x00007ffd0c020000 - 0x00007ffd0c20d000 	C:\Windows\SYSTEM32\ntdll.dll
0x00007ffd09350000 - 0x00007ffd09403000 	C:\Windows\System32\KERNEL32.DLL
0x00007ffd08100000 - 0x00007ffd08395000 	C:\Windows\System32\KERNELBASE.dll
0x00007ffd092a0000 - 0x00007ffd09343000 	C:\Windows\System32\ADVAPI32.dll
0x00007ffd0b7d0000 - 0x00007ffd0b86e000 	C:\Windows\System32\msvcrt.dll
0x00007ffd0bf50000 - 0x00007ffd0bfee000 	C:\Windows\System32\sechost.dll
0x00007ffd0bcf0000 - 0x00007ffd0be12000 	C:\Windows\System32\RPCRT4.dll
0x00007ffd0b870000 - 0x00007ffd0ba07000 	C:\Windows\System32\USER32.dll
0x00007ffd086e0000 - 0x00007ffd08700000 	C:\Windows\System32\win32u.dll
0x00007ffd0aa80000 - 0x00007ffd0aaa9000 	C:\Windows\System32\GDI32.dll
0x00007ffd08450000 - 0x00007ffd085ec000 	C:\Windows\System32\gdi32full.dll
0x00007ffd088e0000 - 0x00007ffd08980000 	C:\Windows\System32\msvcp_win.dll
0x00007ffd09140000 - 0x00007ffd0923a000 	C:\Windows\System32\ucrtbase.dll
0x00007ffcf98c0000 - 0x00007ffcf9b39000 	C:\Windows\WinSxS\amd64_microsoft.windows.common-controls_6595b64144ccf1df_6.0.17763.1577_none_de7444545348a3d0\COMCTL32.dll
0x00007ffd0ac90000 - 0x00007ffd0afbd000 	C:\Windows\System32\combase.dll
0x00007ffd085f0000 - 0x00007ffd0866e000 	C:\Windows\System32\bcryptPrimitives.dll
0x00007ffd0ba10000 - 0x00007ffd0ba3e000 	C:\Windows\System32\IMM32.DLL
0x0000000059400000 - 0x00000000594d2000 	C:\Program Files\Android\Android Studio\jre\jre\bin\msvcr100.dll
0x00000000594e0000 - 0x0000000059d2b000 	C:\Program Files\Android\Android Studio\jre\jre\bin\server\jvm.dll
0x00007ffd0ab80000 - 0x00007ffd0ab88000 	C:\Windows\System32\PSAPI.DLL
0x00007ffd055e0000 - 0x00007ffd05604000 	C:\Windows\SYSTEM32\WINMM.dll
0x00007ffcf3650000 - 0x00007ffcf3659000 	C:\Windows\SYSTEM32\WSOCK32.dll
0x00007ffd0b170000 - 0x00007ffd0b1dd000 	C:\Windows\System32\WS2_32.dll
0x00007ffd055b0000 - 0x00007ffd055dd000 	C:\Windows\SYSTEM32\WINMMBASE.dll
0x00007ffd08690000 - 0x00007ffd086da000 	C:\Windows\System32\cfgmgr32.dll
0x00007ffcf9f60000 - 0x00007ffcf9f6a000 	C:\Windows\SYSTEM32\VERSION.dll
0x00007ffcfd2e0000 - 0x00007ffcfd2ef000 	C:\Program Files\Android\Android Studio\jre\jre\bin\verify.dll
0x00007ffcecec0000 - 0x00007ffcecee9000 	C:\Program Files\Android\Android Studio\jre\jre\bin\java.dll
0x00007ffcec730000 - 0x00007ffcec746000 	C:\Program Files\Android\Android Studio\jre\jre\bin\zip.dll
0x00007ffd09410000 - 0x00007ffd0a909000 	C:\Windows\System32\SHELL32.dll
0x00007ffd0a9d0000 - 0x00007ffd0aa78000 	C:\Windows\System32\shcore.dll
0x00007ffd089e0000 - 0x00007ffd09133000 	C:\Windows\System32\windows.storage.dll
0x00007ffd08040000 - 0x00007ffd08064000 	C:\Windows\System32\profapi.dll
0x00007ffd08070000 - 0x00007ffd080cd000 	C:\Windows\System32\powrprof.dll
0x00007ffd0bba0000 - 0x00007ffd0bbf2000 	C:\Windows\System32\shlwapi.dll
0x00007ffd08020000 - 0x00007ffd08031000 	C:\Windows\System32\kernel.appcore.dll
0x00007ffd08670000 - 0x00007ffd08687000 	C:\Windows\System32\cryptsp.dll
0x00007ffcec710000 - 0x00007ffcec72a000 	C:\Program Files\Android\Android Studio\jre\jre\bin\net.dll
0x00007ffd07870000 - 0x00007ffd078d7000 	C:\Windows\system32\mswsock.dll
0x00007ffcec290000 - 0x00007ffcec2a3000 	C:\Program Files\Android\Android Studio\jre\jre\bin\nio.dll
0x00007ffd03a30000 - 0x00007ffd03a4e000 	C:\Users\Yassine\.gradle\native\25\windows-amd64\native-platform.dll
0x00007ffcfaf90000 - 0x00007ffcfaf9d000 	C:\Program Files\Android\Android Studio\jre\jre\bin\management.dll
0x00007ffd073f0000 - 0x00007ffd07423000 	C:\Windows\system32\rsaenh.dll
0x00007ffd080d0000 - 0x00007ffd080f6000 	C:\Windows\System32\bcrypt.dll
0x00007ffd07f30000 - 0x00007ffd07f59000 	C:\Windows\SYSTEM32\USERENV.dll
0x00007ffd07a40000 - 0x00007ffd07a4c000 	C:\Windows\SYSTEM32\CRYPTBASE.dll
0x00007ffd07590000 - 0x00007ffd075cd000 	C:\Windows\SYSTEM32\IPHLPAPI.DLL
0x00007ffd0bc30000 - 0x00007ffd0bc38000 	C:\Windows\System32\NSI.dll
0x00007ffcfef60000 - 0x00007ffcfef76000 	C:\Windows\SYSTEM32\dhcpcsvc6.DLL
0x00007ffcfea10000 - 0x00007ffcfea2c000 	C:\Windows\SYSTEM32\dhcpcsvc.DLL
0x00007ffd075d0000 - 0x00007ffd07696000 	C:\Windows\SYSTEM32\DNSAPI.dll
0x00007ffcb6700000 - 0x00007ffcb689c000 	C:\Program Files\Android\Android Studio\jre\jre\bin\awt.dll
0x00007ffd0aab0000 - 0x00007ffd0ab74000 	C:\Windows\System32\OLEAUT32.dll
0x00007ffd06680000 - 0x00007ffd066ae000 	C:\Windows\SYSTEM32\dwmapi.dll
0x00007ffd08700000 - 0x00007ffd088dc000 	C:\Windows\System32\CRYPT32.dll
0x00007ffd08000000 - 0x00007ffd08012000 	C:\Windows\System32\MSASN1.dll
0x00007ffd04730000 - 0x00007ffd04cee000 	C:\Windows\SYSTEM32\d2d1.dll
0x00007ffd057d0000 - 0x00007ffd0585c000 	C:\Windows\SYSTEM32\apphelp.dll
0x00007ffd05ab0000 - 0x00007ffd05b4c000 	C:\Windows\system32\uxtheme.dll
0x00007ffd07070000 - 0x00007ffd070a1000 	C:\Windows\SYSTEM32\ntmarta.dll

VM Arguments:
jvm_args: -Xmx1536m -Dfile.encoding=windows-1252 -Duser.country=US -Duser.language=en -Duser.variant 
java_command: org.gradle.launcher.daemon.bootstrap.GradleDaemon 4.10.1
java_class_path (initial): C:\Users\Yassine\.gradle\wrapper\dists\gradle-4.10.1-all\455itskqi2qtf0v2sja68alqd\gradle-4.10.1\lib\gradle-launcher-4.10.1.jar
Launcher Type: SUN_STANDARD

Environment Variables:
JAVA_HOME=C:\Program Files\Java\jdk1.8.0_271
PATH=C:\Program Files (x86)\Common Files\Oracle\Java\javapath;C:\Python38\Scripts\;C:\Python38\;C:\Windows\system32;C:\Windows;C:\Windows\System32\Wbem;C:\Windows\System32\WindowsPowerShell\v1.0\;C:\Windows\System32\OpenSSH\;C:\ProgramData\chocolatey\bin;C:\Program Files\Git\cmd;C:\Program Files\nodejs\;C:\Program Files\Java\jdk1.8.0_271\bin;C:\gradle-6.7.1\bin;C:\xampp\php;C:\composer;C:\Users\Yassine\AppData\Local\Microsoft\WindowsApps;C:\Users\Yassine\AppData\Local\Programs\Microsoft VS Code\bin;C:\Users\Yassine\AppData\Local\Yarn\bin;C:\Users\Yassine\AppData\Roaming\npm;C:\Program Files\Java\jdk1.8.0_271\bin;C:\Program Files\JetBrains\IntelliJ IDEA 2020.2.4\bin;;C:\gradle-6.7.1\bin;C:\Users\Yassine\AppData\Roaming\Composer\vendor\bin
USERNAME=Yassine
OS=Windows_NT
PROCESSOR_IDENTIFIER=Intel64 Family 6 Model 61 Stepping 4, GenuineIntel



---------------  S Y S T E M  ---------------

OS: Windows 10.0 , 64 bit Build 17763 (10.0.17763.475)

CPU:total 4 (initial active 4) (2 cores per cpu, 2 threads per core) family 6 model 61 stepping 4, cmov, cx8, fxsr, mmx, sse, sse2, sse3, ssse3, sse4.1, sse4.2, popcnt, avx, avx2, aes, clmul, erms, rtm, 3dnowpref, lzcnt, ht, tsc, tscinvbit, bmi1, bmi2, adx

Memory: 4k page, physical 4063528k(206188k free), swap 12346664k(5432k free)

vm_info: OpenJDK 64-Bit Server VM (25.242-b01) for windows-amd64 JRE (1.8.0_242-release-1644-b01), built by "builder" with MS VC++ 10.0 (VS2010)

time: Tue Feb 02 14:42:10 2021
timezone: Morocco Daylight Time
elapsed time: 98 seconds (0d 0h 1m 38s)

